<?xml version="1.0" encoding="UTF-8"?>
<!-- Generated by org.testng.reporters.JUnitReportReporter -->
<testsuite skipped="0" hostname="LAPTOP-V5FL8CUE" name="Automation.MVNJenkins.RunJenkinsTest" tests="1" failures="0" timestamp="23 Jun 2018 05:27:27 GMT" time="0.006" errors="0">
  <testcase name="printJenkins" time="0.006" classname="Automation.MVNJenkins.RunJenkinsTest"/>
</testsuite> <!-- Automation.MVNJenkins.RunJenkinsTest -->
